# JRE version: Java(TM) SE Runtime Environment (17.0.1+12) (build 17.0.1+12-LTS-39)
# Java VM: Java HotSpot(TM) 64-Bit Server VM (17.0.1+12-LTS-39, mixed mode, sharing, tiered, compressed oops, compressed class ptrs, g1 gc, windows-amd64)
GC Precious Log:
 CPUs: 4 total, 4 available
 Memory: 7967M
 Large Page Support: Disabled
 NUMA Support: Disabled
 Compressed Oops: Enabled (32-bit)
 Heap Region Size: 1M
 Heap Min Capacity: 8M
 Heap Initial Capacity: 126M
 Heap Max Capacity: 1992M
 Pre-touch: Disabled
 Parallel Workers: 4
 Concurrent Workers: 1
 Concurrent Refinement Workers: 4
 Periodic GC: Disabled
Heap:
 garbage-first heap   total 129024K, used 39421K [0x0000000083800000, 0x0000000100000000)
  region size 1024K, 36 young (36864K), 4 survivors (4096K)
 Metaspace       used 17842K, committed 18112K, reserved 1064960K
  class space    used 2168K, committed 2304K, reserved 1048576K
GC Heap History (6 events):
Event: 0.507 GC heap before
{Heap before GC invocations=0 (full 0):
 garbage-first heap   total 129024K, used 13312K [0x0000000083800000, 0x0000000100000000)
  region size 1024K, 13 young (13312K), 0 survivors (0K)
 Metaspace       used 3082K, committed 3200K, reserved 1056768K
  class space    used 309K, committed 384K, reserved 1048576K
}
Event: 0.511 GC heap after
{Heap after GC invocations=1 (full 0):
 garbage-first heap   total 129024K, used 5526K [0x0000000083800000, 0x0000000100000000)
  region size 1024K, 2 young (2048K), 2 survivors (2048K)
 Metaspace       used 3082K, committed 3200K, reserved 1056768K
  class space    used 309K, committed 384K, reserved 1048576K
}
Event: 0.800 GC heap before
{Heap before GC invocations=1 (full 0):
 garbage-first heap   total 129024K, used 17814K [0x0000000083800000, 0x0000000100000000)
  region size 1024K, 15 young (15360K), 2 survivors (2048K)
 Metaspace       used 5973K, committed 6144K, reserved 1056768K
  class space    used 694K, committed 768K, reserved 1048576K
}
Event: 0.802 GC heap after
{Heap after GC invocations=2 (full 0):
 garbage-first heap   total 129024K, used 6240K [0x0000000083800000, 0x0000000100000000)
  region size 1024K, 1 young (1024K), 1 survivors (1024K)
 Metaspace       used 5973K, committed 6144K, reserved 1056768K
  class space    used 694K, committed 768K, reserved 1048576K
}
Event: 1.293 GC heap before
{Heap before GC invocations=2 (full 0):
 garbage-first heap   total 129024K, used 32864K [0x0000000083800000, 0x0000000100000000)
  region size 1024K, 28 young (28672K), 1 survivors (1024K)
 Metaspace       used 12773K, committed 12992K, reserved 1064960K
  class space    used 1515K, committed 1600K, reserved 1048576K
}
Event: 1.297 GC heap after
{Heap after GC invocations=3 (full 0):
 garbage-first heap   total 129024K, used 8701K [0x0000000083800000, 0x0000000100000000)
  region size 1024K, 4 young (4096K), 4 survivors (4096K)
 Metaspace       used 12773K, committed 12992K, reserved 1064960K
  class space    used 1515K, committed 1600K, reserved 1048576K
}

